2020-03-06 10:28:14,493 | INFO | Running run.py on 2020-03-06 10:28:14.493581
2020-03-06 10:28:14,497 | INFO | Starting new HTTP connection (1): export.arxiv.org
2020-03-06 10:29:04,307 | INFO | Running run.py on 2020-03-06 10:29:04.307129
2020-03-06 10:29:04,310 | INFO | Starting new HTTP connection (1): export.arxiv.org
2020-03-06 10:30:19,199 | INFO | Running run.py on 2020-03-06 10:30:19.199444
2020-03-06 10:30:19,202 | INFO | Starting new HTTP connection (1): export.arxiv.org
2020-03-06 10:30:20,359 | INFO | Starting new HTTPS connection (1): api.twitter.com
2020-03-06 10:30:20,598 | WARNING | Failed to send "Real-time, Universal, and Robust Adversarial Attacks Against Speaker Recognition Systems http://arxiv.org/abs/2003.02301 As the popularity of voice user interface (VUI) exploded in recent years, speaker recognition system has emerged as an-": [{'code': 89, 'message': 'Invalid or expired token.'}]
2020-03-06 10:30:20,781 | WARNING | Failed to send "A Study on Efficiency, Accuracy and Document Structure for Answer Sentence Selection http://arxiv.org/abs/2003.02349 An essential task of most Question Answering (QA) systems is to re-rank the set of answer candidates, i.e., Answer-": [{'code': 89, 'message': 'Invalid or expired token.'}]
2020-03-06 10:30:20,974 | WARNING | Failed to send "Kleister: A novel task for Information Extraction involving Long Documents with Complex Layout http://arxiv.org/abs/2003.02356 State-of-the-art solutions for Natural Language Processing (NLP) are able to capture a broad range of contexts,-": [{'code': 89, 'message': 'Invalid or expired token.'}]
2020-03-06 10:30:21,165 | WARNING | Failed to send "RecipeGPT: Generative Pre-training Based Cooking Recipe Generation and Evaluation System http://arxiv.org/abs/2003.02498 Interests in the automatic generation of cooking recipes have been growing steadily over the past few years thanks to-": [{'code': 89, 'message': 'Invalid or expired token.'}]
2020-03-06 10:30:21,335 | WARNING | Failed to send "An Incremental Explanation of Inference in Hybrid Bayesian Networks for Increasing Model Trustworthiness and Supporting Clinical Decision Making http://arxiv.org/abs/2003.02599 Various AI models are increasingly being considered as part of-": [{'code': 89, 'message': 'Invalid or expired token.'}]
2020-03-06 10:30:21,516 | WARNING | Failed to send "Phase transitions in a decentralized graph-based approach to human language http://arxiv.org/abs/2003.02639 Zipf's law establishes a scaling behavior for word-frequencies in large text corpora. The appearance of Zipfian properties in human-": [{'code': 89, 'message': 'Invalid or expired token.'}]
2020-03-06 10:30:21,706 | WARNING | Failed to send "SentenceMIM: A Latent Variable Language Model http://arxiv.org/abs/2003.02645 We introduce sentenceMIM, a probabilistic auto-encoder for language modelling, trained with Mutual Information Machine (MIM) learning. Previous attempts to learn-": [{'code': 89, 'message': 'Invalid or expired token.'}]
2020-03-06 10:30:21,898 | WARNING | Failed to send "Fact Check-Worthiness Detection as Positive Unlabelled Learning http://arxiv.org/abs/2003.02736 A critical component of automatically combating misinformation is the detection of fact check-worthiness, i.e. determining if a piece of-": [{'code': 89, 'message': 'Invalid or expired token.'}]
2020-03-06 10:30:22,079 | WARNING | Failed to send "BERT as a Teacher: Contextual Embeddings for Sequence-Level Reward http://arxiv.org/abs/2003.02738 Measuring the quality of a generated sequence against a set of references is a central problem in many learning frameworks, be it to compute-": [{'code': 89, 'message': 'Invalid or expired token.'}]
2020-03-06 10:30:22,281 | WARNING | Failed to send "Zero-Shot Cross-Lingual Transfer with Meta Learning http://arxiv.org/abs/2003.02739 Learning what to share between tasks has been a topic of high importance recently, as strategic sharing of knowledge has been shown to improve the-": [{'code': 89, 'message': 'Invalid or expired token.'}]
2020-03-06 10:30:22,497 | WARNING | Failed to send "HypoNLI: Exploring the Artificial Patterns of Hypothesis-only Bias in Natural Language Inference http://arxiv.org/abs/2003.02756 Many recent studies have shown that for models trained on datasets for natural language inference (NLI), it is-": [{'code': 89, 'message': 'Invalid or expired token.'}]
2020-03-06 10:30:22,681 | WARNING | Failed to send "An Empirical Accuracy Law for Sequential Machine Translation: the Case of Google Translate http://arxiv.org/abs/2003.02817 We have established, through empirical testing, a law that relates the number of translating hops to translation-": [{'code': 89, 'message': 'Invalid or expired token.'}]
2020-03-06 10:30:22,889 | WARNING | Failed to send "Generating Thematic Chinese Poetry using Conditional Variational Autoencoders with Hybrid Decoders http://arxiv.org/abs/1711.07632 Computer poetry generation is our first step towards computer writing. Writing must have a theme. The-": [{'code': 89, 'message': 'Invalid or expired token.'}]
2020-03-06 10:30:23,077 | WARNING | Failed to send "A Survey on Natural Language Processing for Fake News Detection http://arxiv.org/abs/1811.00770 Fake news detection is a critical yet challenging problem in Natural Language Processing (NLP). The rapid rise of social networking platforms-": [{'code': 89, 'message': 'Invalid or expired token.'}]
2020-03-06 10:30:23,263 | WARNING | Failed to send "ET-GAN: Cross-Language Emotion Transfer Based on Cycle-Consistent Generative Adversarial Networks http://arxiv.org/abs/1905.11173 Despite the remarkable progress made in synthesizing emotional speech from text, it is still challenging to-": [{'code': 89, 'message': 'Invalid or expired token.'}]
2020-03-06 10:30:23,450 | WARNING | Failed to send "Speech Sentiment Analysis via Pre-trained Features from End-to-end ASR Models http://arxiv.org/abs/1911.09762 In this paper, we propose to use pre-trained features from end-to-end ASR models to solve speech sentiment analysis as a-": [{'code': 89, 'message': 'Invalid or expired token.'}]
2020-03-06 10:30:23,631 | WARNING | Failed to send "Outbound Translation User Interface Ptakopet: A Pilot Study http://arxiv.org/abs/1911.10835 It is not uncommon for Internet users to have to produce a text in a foreign language they have very little knowledge of and are unable to verify-": [{'code': 89, 'message': 'Invalid or expired token.'}]
2020-03-06 10:30:23,825 | WARNING | Failed to send "Leveraging Contextual Embeddings for Detecting Diachronic Semantic Shift http://arxiv.org/abs/1912.01072 We propose a new method that leverages contextual embeddings for the task of diachronic semantic shift detection by generating time-": [{'code': 89, 'message': 'Invalid or expired token.'}]
2020-03-06 10:30:24,003 | WARNING | Failed to send "Asking Questions the Human Way: Scalable Question-Answer Generation from Text Corpus http://arxiv.org/abs/2002.00748 The ability to ask questions is important in both human and machine intelligence. Learning to ask questions helps-": [{'code': 89, 'message': 'Invalid or expired token.'}]
2020-03-06 10:30:24,194 | WARNING | Failed to send "Temporal Convolutional Attention-based Network For Sequence Modeling http://arxiv.org/abs/2002.12530 With the development of feed-forward models, the default model for sequence modeling has gradually evolved to replace recurrent networks.-": [{'code': 89, 'message': 'Invalid or expired token.'}]
2020-03-06 10:30:24,376 | WARNING | Failed to send "Natural Language Processing Advancements By Deep Learning: A Survey http://arxiv.org/abs/2003.01200 Natural Language Processing (NLP) helps empower intelligent machines by enhancing a better understanding of the human language for-": [{'code': 89, 'message': 'Invalid or expired token.'}]
2020-03-06 10:30:24,559 | WARNING | Failed to send "CLUECorpus2020: A Large-scale Chinese Corpus for Pre-training Language Model http://arxiv.org/abs/2003.01355 In this paper, we introduce the Chinese corpus from CLUE organization, CLUECorpus2020, a large-scale corpus that can be used-": [{'code': 89, 'message': 'Invalid or expired token.'}]
2020-03-06 10:30:24,738 | WARNING | Failed to send "Multi-Task Learning with Auxiliary Speaker Identification for Conversational Emotion Recognition http://arxiv.org/abs/2003.01478 Conversational emotion recognition (CER) has attracted increasing interests in the natural language processing-": [{'code': 89, 'message': 'Invalid or expired token.'}]
